This is pdfTeX, Version 3.14159265-2.6-1.40.16 (TeX Live 2015/Debian) (preloaded format=pdflatex 2017.9.8)  9 SEP 2017 21:20
entering extended mode
 restricted \write18 enabled.
 file:line:error style messages enabled.
 %&-line parsing enabled.
**Introduction.tex
(./Introduction.tex
LaTeX2e <2016/02/01>
Babel <3.9q> and hyphenation patterns for 81 language(s) loaded.
./Introduction.tex:2: Undefined control sequence.
l.2 \chapter
            {Introduction}\label{cha:Intro}
? 
./Introduction.tex:2: Emergency stop.
l.2 \chapter
            {Introduction}\label{cha:Intro}
End of file on the terminal!

 
Here is how much of TeX's memory you used:
 5 strings out of 493029
 154 string characters out of 6136235
 53102 words of memory out of 5000000
 3641 multiletter control sequences out of 15000+600000
 3640 words of font info for 14 fonts, out of 8000000 for 9000
 1141 hyphenation exceptions out of 8191
 5i,0n,1p,58b,8s stack positions out of 5000i,500n,10000p,200000b,80000s
./Introduction.tex:2:  ==> Fatal error occurred, no output PDF file produced!
